TN:
SF:src/feedback/domain/feedback.entity.ts
FN:9,Feedback
FNF:1
FNH:1
FNDA:2,Feedback
DA:1,1
DA:2,1
DA:3,1
DA:4,1
DA:5,1
DA:6,1
DA:7,1
DA:8,1
DA:9,1
DA:10,2
DA:11,2
DA:12,2
DA:13,2
DA:14,1
LF:14
LH:14
BRDA:9,0,0,2
BRDA:10,1,0,1
BRF:2
BRH:2
end_of_record
TN:
SF:src/feedback/use-cases/create-feedback/create-feedback.use-case.ts
FN:12,execute
FN:8,CreateFeedbackUseCase
FNF:2
FNH:2
FNDA:2,execute
FNDA:1,CreateFeedbackUseCase
DA:1,1
DA:2,1
DA:3,1
DA:4,1
DA:5,1
DA:6,1
DA:7,1
DA:8,1
DA:9,1
DA:10,1
DA:11,1
DA:12,1
DA:13,2
DA:14,1
DA:15,1
DA:16,1
DA:17,1
DA:18,1
DA:19,1
LF:19
LH:19
BRDA:12,0,0,2
BRDA:13,1,0,1
BRDA:13,2,0,1
BRDA:8,3,0,1
BRF:4
BRH:4
end_of_record
